[
  {
    "id":88,
    "aid":4,
    "did":1,
    "pid":2,
    "happen_time":1397319857,
    "notes":"null",
    "is_confirmed":false,
    "confirm_notes":"null",
    "confirm_time":0,
    "confirm_operator":"",
    "happenlocaltime":"2014-04-13 00:24:17 ",
    "confirmlocaltime":"1970-01-01 08:00:00 "
  },
  {
    "id":87,
    "aid":4,
    "did":1,
    "pid":1,
    "happen_time":1397319854,
    "notes":"null",
    "is_confirmed":false,
    "confirm_notes":"null",
    "confirm_time":0,
    "confirm_operator":"",
    "happenlocaltime":"2014-04-13 00:24:14 ",
    "confirmlocaltime":"1970-01-01 08:00:00 "
  },
  {
    "id":86,
    "aid":4,
    "did":1,
    "pid":2,
    "happen_time":1397319845,
    "notes":"null",
    "is_confirmed":false,
    "confirm_notes":"null",
    "confirm_time":0,
    "confirm_operator":"",
    "happenlocaltime":"2014-04-13 00:24:05 ",
    "confirmlocaltime":"1970-01-01 08:00:00 "
  },
  {
    "id":85,
    "aid":4,
    "did":1,
    "pid":1,
    "happen_time":1397319842,
    "notes":"null",
    "is_confirmed":false,
    "confirm_notes":"null",
    "confirm_time":0,
    "confirm_operator":"",
    "happenlocaltime":"2014-04-13 00:24:02 ",
    "confirmlocaltime":"1970-01-01 08:00:00 "
  },
  {
    "id":84,
    "aid":4,
    "did":1,
    "pid":2,
    "happen_time":1397319833,
    "notes":"null",
    "is_confirmed":false,
    "confirm_notes":"null",
    "confirm_time":0,
    "confirm_operator":"",
    "happenlocaltime":"2014-04-13 00:23:53 ",
    "confirmlocaltime":"1970-01-01 08:00:00 "
  },
  {
    "id":83,
    "aid":4,
    "did":1,
    "pid":1,
    "happen_time":1397319830,
    "notes":"null",
    "is_confirmed":false,
    "confirm_notes":"null",
    "confirm_time":0,
    "confirm_operator":"",
    "happenlocaltime":"2014-04-13 00:23:50 ",
    "confirmlocaltime":"1970-01-01 08:00:00 "
  },
  {
    "id":82,
    "aid":4,
    "did":1,
    "pid":2,
    "happen_time":1397319821,
    "notes":"null",
    "is_confirmed":false,
    "confirm_notes":"null",
    "confirm_time":0,
    "confirm_operator":"",
    "happenlocaltime":"2014-04-13 00:23:41 ",
    "confirmlocaltime":"1970-01-01 08:00:00 "
  },
  {
    "id":81,
    "aid":4,
    "did":1,
    "pid":1,
    "happen_time":1397319818,
    "notes":"null",
    "is_confirmed":false,
    "confirm_notes":"null",
    "confirm_time":0,
    "confirm_operator":"",
    "happenlocaltime":"2014-04-13 00:23:38 ",
    "confirmlocaltime":"1970-01-01 08:00:00 "
  },
  {
    "id":80,
    "aid":4,
    "did":1,
    "pid":2,
    "happen_time":1397319809,
    "notes":"null",
    "is_confirmed":false,
    "confirm_notes":"null",
    "confirm_time":0,
    "confirm_operator":"",
    "happenlocaltime":"2014-04-13 00:23:29 ",
    "confirmlocaltime":"1970-01-01 08:00:00 "
  },
  {
    "id":79,
    "aid":4,
    "did":1,
    "pid":1,
    "happen_time":1397319806,
    "notes":"null",
    "is_confirmed":false,
    "confirm_notes":"null",
    "confirm_time":0,
    "confirm_operator":"",
    "happenlocaltime":"2014-04-13 00:23:26 ",
    "confirmlocaltime":"1970-01-01 08:00:00 "
  },
  {
    "id":78,
    "aid":4,
    "did":1,
    "pid":2,
    "happen_time":1397319797,
    "notes":"null",
    "is_confirmed":false,
    "confirm_notes":"null",
    "confirm_time":0,
    "confirm_operator":"",
    "happenlocaltime":"2014-04-13 00:23:17 ",
    "confirmlocaltime":"1970-01-01 08:00:00 "
  },
  {
    "id":77,
    "aid":4,
    "did":1,
    "pid":1,
    "happen_time":1397319794,
    "notes":"null",
    "is_confirmed":false,
    "confirm_notes":"null",
    "confirm_time":0,
    "confirm_operator":"",
    "happenlocaltime":"2014-04-13 00:23:14 ",
    "confirmlocaltime":"1970-01-01 08:00:00 "
  },
  {
    "id":76,
    "aid":4,
    "did":1,
    "pid":2,
    "happen_time":1397319785,
    "notes":"null",
    "is_confirmed":false,
    "confirm_notes":"null",
    "confirm_time":0,
    "confirm_operator":"",
    "happenlocaltime":"2014-04-13 00:23:05 ",
    "confirmlocaltime":"1970-01-01 08:00:00 "
  },
  {
    "id":75,
    "aid":4,
    "did":1,
    "pid":1,
    "happen_time":1397319782,
    "notes":"null",
    "is_confirmed":false,
    "confirm_notes":"null",
    "confirm_time":0,
    "confirm_operator":"",
    "happenlocaltime":"2014-04-13 00:23:02 ",
    "confirmlocaltime":"1970-01-01 08:00:00 "
  },
  {
    "id":74,
    "aid":4,
    "did":1,
    "pid":2,
    "happen_time":1397319773,
    "notes":"null",
    "is_confirmed":false,
    "confirm_notes":"null",
    "confirm_time":0,
    "confirm_operator":"",
    "happenlocaltime":"2014-04-13 00:22:53 ",
    "confirmlocaltime":"1970-01-01 08:00:00 "
  },
  {
    "id":73,
    "aid":4,
    "did":1,
    "pid":1,
    "happen_time":1397319769,
    "notes":"null",
    "is_confirmed":false,
    "confirm_notes":"null",
    "confirm_time":0,
    "confirm_operator":"",
    "happenlocaltime":"2014-04-13 00:22:49 ",
    "confirmlocaltime":"1970-01-01 08:00:00 "
  },
  {
    "id":72,
    "aid":4,
    "did":1,
    "pid":2,
    "happen_time":1397319760,
    "notes":"null",
    "is_confirmed":false,
    "confirm_notes":"null",
    "confirm_time":0,
    "confirm_operator":"",
    "happenlocaltime":"2014-04-13 00:22:40 ",
    "confirmlocaltime":"1970-01-01 08:00:00 "
  },
  {
    "id":71,
    "aid":4,
    "did":1,
    "pid":1,
    "happen_time":1397319757,
    "notes":"null",
    "is_confirmed":false,
    "confirm_notes":"null",
    "confirm_time":0,
    "confirm_operator":"",
    "happenlocaltime":"2014-04-13 00:22:37 ",
    "confirmlocaltime":"1970-01-01 08:00:00 "
  },
  {
    "id":70,
    "aid":4,
    "did":1,
    "pid":2,
    "happen_time":1397319748,
    "notes":"null",
    "is_confirmed":false,
    "confirm_notes":"null",
    "confirm_time":0,
    "confirm_operator":"",
    "happenlocaltime":"2014-04-13 00:22:28 ",
    "confirmlocaltime":"1970-01-01 08:00:00 "
  },
  {
    "id":69,
    "aid":4,
    "did":1,
    "pid":1,
    "happen_time":1397319745,
    "notes":"null",
    "is_confirmed":false,
    "confirm_notes":"null",
    "confirm_time":0,
    "confirm_operator":"",
    "happenlocaltime":"2014-04-13 00:22:25 ",
    "confirmlocaltime":"1970-01-01 08:00:00 "
  },
  {
    "id":68,
    "aid":4,
    "did":1,
    "pid":2,
    "happen_time":1397316617,
    "notes":"null",
    "is_confirmed":false,
    "confirm_notes":"null",
    "confirm_time":0,
    "confirm_operator":"",
    "happenlocaltime":"2014-04-12 23:30:17 ",
    "confirmlocaltime":"1970-01-01 08:00:00 "
  },
  {
    "id":67,
    "aid":4,
    "did":1,
    "pid":1,
    "happen_time":1397316614,
    "notes":"null",
    "is_confirmed":false,
    "confirm_notes":"null",
    "confirm_time":0,
    "confirm_operator":"",
    "happenlocaltime":"2014-04-12 23:30:14 ",
    "confirmlocaltime":"1970-01-01 08:00:00 "
  },
  {
    "id":66,
    "aid":4,
    "did":1,
    "pid":2,
    "happen_time":1397316605,
    "notes":"null",
    "is_confirmed":false,
    "confirm_notes":"null",
    "confirm_time":0,
    "confirm_operator":"",
    "happenlocaltime":"2014-04-12 23:30:05 ",
    "confirmlocaltime":"1970-01-01 08:00:00 "
  },
  {
    "id":65,
    "aid":4,
    "did":1,
    "pid":1,
    "happen_time":1397316602,
    "notes":"null",
    "is_confirmed":false,
    "confirm_notes":"null",
    "confirm_time":0,
    "confirm_operator":"",
    "happenlocaltime":"2014-04-12 23:30:02 ",
    "confirmlocaltime":"1970-01-01 08:00:00 "
  },
  {
    "id":64,
    "aid":4,
    "did":1,
    "pid":2,
    "happen_time":1397316592,
    "notes":"null",
    "is_confirmed":false,
    "confirm_notes":"null",
    "confirm_time":0,
    "confirm_operator":"",
    "happenlocaltime":"2014-04-12 23:29:52 ",
    "confirmlocaltime":"1970-01-01 08:00:00 "
  },
  {
    "id":63,
    "aid":4,
    "did":1,
    "pid":1,
    "happen_time":1397316589,
    "notes":"null",
    "is_confirmed":false,
    "confirm_notes":"null",
    "confirm_time":0,
    "confirm_operator":"",
    "happenlocaltime":"2014-04-12 23:29:49 ",
    "confirmlocaltime":"1970-01-01 08:00:00 "
  },
  {
    "id":62,
    "aid":4,
    "did":1,
    "pid":2,
    "happen_time":1397316441,
    "notes":"null",
    "is_confirmed":false,
    "confirm_notes":"null",
    "confirm_time":0,
    "confirm_operator":"",
    "happenlocaltime":"2014-04-12 23:27:21 ",
    "confirmlocaltime":"1970-01-01 08:00:00 "
  },
  {
    "id":61,
    "aid":4,
    "did":1,
    "pid":1,
    "happen_time":1397316438,
    "notes":"null",
    "is_confirmed":false,
    "confirm_notes":"null",
    "confirm_time":0,
    "confirm_operator":"",
    "happenlocaltime":"2014-04-12 23:27:18 ",
    "confirmlocaltime":"1970-01-01 08:00:00 "
  },
  {
    "id":60,
    "aid":4,
    "did":1,
    "pid":2,
    "happen_time":1397316224,
    "notes":"null",
    "is_confirmed":false,
    "confirm_notes":"null",
    "confirm_time":0,
    "confirm_operator":"",
    "happenlocaltime":"2014-04-12 23:23:44 ",
    "confirmlocaltime":"1970-01-01 08:00:00 "
  },
  {
    "id":59,
    "aid":4,
    "did":1,
    "pid":1,
    "happen_time":1397316221,
    "notes":"null",
    "is_confirmed":false,
    "confirm_notes":"null",
    "confirm_time":0,
    "confirm_operator":"",
    "happenlocaltime":"2014-04-12 23:23:41 ",
    "confirmlocaltime":"1970-01-01 08:00:00 "
  },
  {
    "id":58,
    "aid":4,
    "did":1,
    "pid":2,
    "happen_time":1397316212,
    "notes":"null",
    "is_confirmed":false,
    "confirm_notes":"null",
    "confirm_time":0,
    "confirm_operator":"",
    "happenlocaltime":"2014-04-12 23:23:32 ",
    "confirmlocaltime":"1970-01-01 08:00:00 "
  },
  {
    "id":57,
    "aid":4,
    "did":1,
    "pid":1,
    "happen_time":1397316209,
    "notes":"null",
    "is_confirmed":false,
    "confirm_notes":"null",
    "confirm_time":0,
    "confirm_operator":"",
    "happenlocaltime":"2014-04-12 23:23:29 ",
    "confirmlocaltime":"1970-01-01 08:00:00 "
  },
  {
    "id":56,
    "aid":4,
    "did":1,
    "pid":1,
    "happen_time":1397315995,
    "notes":"null",
    "is_confirmed":false,
    "confirm_notes":"null",
    "confirm_time":0,
    "confirm_operator":"",
    "happenlocaltime":"2014-04-12 23:19:55 ",
    "confirmlocaltime":"1970-01-01 08:00:00 "
  },
  {
    "id":55,
    "aid":4,
    "did":1,
    "pid":1,
    "happen_time":1397315994,
    "notes":"null",
    "is_confirmed":false,
    "confirm_notes":"null",
    "confirm_time":0,
    "confirm_operator":"",
    "happenlocaltime":"2014-04-12 23:19:54 ",
    "confirmlocaltime":"1970-01-01 08:00:00 "
  },
  {
    "id":54,
    "aid":4,
    "did":1,
    "pid":1,
    "happen_time":1397315993,
    "notes":"null",
    "is_confirmed":false,
    "confirm_notes":"null",
    "confirm_time":0,
    "confirm_operator":"",
    "happenlocaltime":"2014-04-12 23:19:53 ",
    "confirmlocaltime":"1970-01-01 08:00:00 "
  },
  {
    "id":53,
    "aid":4,
    "did":1,
    "pid":1,
    "happen_time":1397315991,
    "notes":"null",
    "is_confirmed":false,
    "confirm_notes":"null",
    "confirm_time":0,
    "confirm_operator":"",
    "happenlocaltime":"2014-04-12 23:19:51 ",
    "confirmlocaltime":"1970-01-01 08:00:00 "
  },
  {
    "id":52,
    "aid":4,
    "did":1,
    "pid":1,
    "happen_time":1397315990,
    "notes":"null",
    "is_confirmed":false,
    "confirm_notes":"null",
    "confirm_time":0,
    "confirm_operator":"",
    "happenlocaltime":"2014-04-12 23:19:50 ",
    "confirmlocaltime":"1970-01-01 08:00:00 "
  },
  {
    "id":51,
    "aid":4,
    "did":1,
    "pid":1,
    "happen_time":1397315988,
    "notes":"null",
    "is_confirmed":false,
    "confirm_notes":"null",
    "confirm_time":0,
    "confirm_operator":"",
    "happenlocaltime":"2014-04-12 23:19:48 ",
    "confirmlocaltime":"1970-01-01 08:00:00 "
  },
  {
    "id":50,
    "aid":4,
    "did":1,
    "pid":1,
    "happen_time":1397315987,
    "notes":"null",
    "is_confirmed":false,
    "confirm_notes":"null",
    "confirm_time":0,
    "confirm_operator":"",
    "happenlocaltime":"2014-04-12 23:19:47 ",
    "confirmlocaltime":"1970-01-01 08:00:00 "
  },
  {
    "id":49,
    "aid":4,
    "did":1,
    "pid":1,
    "happen_time":1397315986,
    "notes":"null",
    "is_confirmed":false,
    "confirm_notes":"null",
    "confirm_time":0,
    "confirm_operator":"",
    "happenlocaltime":"2014-04-12 23:19:46 ",
    "confirmlocaltime":"1970-01-01 08:00:00 "
  },
  {
    "id":48,
    "aid":4,
    "did":1,
    "pid":1,
    "happen_time":1397315985,
    "notes":"null",
    "is_confirmed":false,
    "confirm_notes":"null",
    "confirm_time":0,
    "confirm_operator":"",
    "happenlocaltime":"2014-04-12 23:19:45 ",
    "confirmlocaltime":"1970-01-01 08:00:00 "
  },
  {
    "id":47,
    "aid":4,
    "did":1,
    "pid":1,
    "happen_time":1397315983,
    "notes":"null",
    "is_confirmed":false,
    "confirm_notes":"null",
    "confirm_time":0,
    "confirm_operator":"",
    "happenlocaltime":"2014-04-12 23:19:43 ",
    "confirmlocaltime":"1970-01-01 08:00:00 "
  },
  {
    "id":46,
    "aid":4,
    "did":1,
    "pid":1,
    "happen_time":1397315982,
    "notes":"null",
    "is_confirmed":false,
    "confirm_notes":"null",
    "confirm_time":0,
    "confirm_operator":"",
    "happenlocaltime":"2014-04-12 23:19:42 ",
    "confirmlocaltime":"1970-01-01 08:00:00 "
  },
  {
    "id":45,
    "aid":4,
    "did":1,
    "pid":1,
    "happen_time":1397315980,
    "notes":"null",
    "is_confirmed":false,
    "confirm_notes":"null",
    "confirm_time":0,
    "confirm_operator":"",
    "happenlocaltime":"2014-04-12 23:19:40 ",
    "confirmlocaltime":"1970-01-01 08:00:00 "
  },
  {
    "id":44,
    "aid":4,
    "did":1,
    "pid":1,
    "happen_time":1397315979,
    "notes":"null",
    "is_confirmed":false,
    "confirm_notes":"null",
    "confirm_time":0,
    "confirm_operator":"",
    "happenlocaltime":"2014-04-12 23:19:39 ",
    "confirmlocaltime":"1970-01-01 08:00:00 "
  },
  {
    "id":43,
    "aid":4,
    "did":1,
    "pid":1,
    "happen_time":1397315978,
    "notes":"null",
    "is_confirmed":false,
    "confirm_notes":"null",
    "confirm_time":0,
    "confirm_operator":"",
    "happenlocaltime":"2014-04-12 23:19:38 ",
    "confirmlocaltime":"1970-01-01 08:00:00 "
  },
  {
    "id":42,
    "aid":4,
    "did":1,
    "pid":1,
    "happen_time":1397315977,
    "notes":"null",
    "is_confirmed":false,
    "confirm_notes":"null",
    "confirm_time":0,
    "confirm_operator":"",
    "happenlocaltime":"2014-04-12 23:19:37 ",
    "confirmlocaltime":"1970-01-01 08:00:00 "
  },
  {
    "id":41,
    "aid":4,
    "did":1,
    "pid":1,
    "happen_time":1397315975,
    "notes":"null",
    "is_confirmed":false,
    "confirm_notes":"null",
    "confirm_time":0,
    "confirm_operator":"",
    "happenlocaltime":"2014-04-12 23:19:35 ",
    "confirmlocaltime":"1970-01-01 08:00:00 "
  },
  {
    "id":40,
    "aid":4,
    "did":1,
    "pid":1,
    "happen_time":1397315974,
    "notes":"null",
    "is_confirmed":false,
    "confirm_notes":"null",
    "confirm_time":0,
    "confirm_operator":"",
    "happenlocaltime":"2014-04-12 23:19:34 ",
    "confirmlocaltime":"1970-01-01 08:00:00 "
  },
  {
    "id":39,
    "aid":4,
    "did":1,
    "pid":1,
    "happen_time":1397315973,
    "notes":"null",
    "is_confirmed":false,
    "confirm_notes":"null",
    "confirm_time":0,
    "confirm_operator":"",
    "happenlocaltime":"2014-04-12 23:19:33 ",
    "confirmlocaltime":"1970-01-01 08:00:00 "
  },
  {
    "id":38,
    "aid":4,
    "did":1,
    "pid":1,
    "happen_time":1397315972,
    "notes":"null",
    "is_confirmed":false,
    "confirm_notes":"null",
    "confirm_time":0,
    "confirm_operator":"",
    "happenlocaltime":"2014-04-12 23:19:32 ",
    "confirmlocaltime":"1970-01-01 08:00:00 "
  },
  {
    "id":37,
    "aid":4,
    "did":1,
    "pid":1,
    "happen_time":1397315969,
    "notes":"null",
    "is_confirmed":false,
    "confirm_notes":"null",
    "confirm_time":0,
    "confirm_operator":"",
    "happenlocaltime":"2014-04-12 23:19:29 ",
    "confirmlocaltime":"1970-01-01 08:00:00 "
  },
  {
    "id":36,
    "aid":4,
    "did":1,
    "pid":1,
    "happen_time":1397315968,
    "notes":"null",
    "is_confirmed":false,
    "confirm_notes":"null",
    "confirm_time":0,
    "confirm_operator":"",
    "happenlocaltime":"2014-04-12 23:19:28 ",
    "confirmlocaltime":"1970-01-01 08:00:00 "
  },
  {
    "id":35,
    "aid":4,
    "did":1,
    "pid":1,
    "happen_time":1397315964,
    "notes":"null",
    "is_confirmed":false,
    "confirm_notes":"null",
    "confirm_time":0,
    "confirm_operator":"",
    "happenlocaltime":"2014-04-12 23:19:24 ",
    "confirmlocaltime":"1970-01-01 08:00:00 "
  },
  {
    "id":34,
    "aid":4,
    "did":1,
    "pid":1,
    "happen_time":1397315963,
    "notes":"null",
    "is_confirmed":false,
    "confirm_notes":"null",
    "confirm_time":0,
    "confirm_operator":"",
    "happenlocaltime":"2014-04-12 23:19:23 ",
    "confirmlocaltime":"1970-01-01 08:00:00 "
  },
  {
    "id":33,
    "aid":4,
    "did":1,
    "pid":1,
    "happen_time":1397315961,
    "notes":"null",
    "is_confirmed":false,
    "confirm_notes":"null",
    "confirm_time":0,
    "confirm_operator":"",
    "happenlocaltime":"2014-04-12 23:19:21 ",
    "confirmlocaltime":"1970-01-01 08:00:00 "
  },
  {
    "id":32,
    "aid":4,
    "did":1,
    "pid":1,
    "happen_time":1397315960,
    "notes":"null",
    "is_confirmed":false,
    "confirm_notes":"null",
    "confirm_time":0,
    "confirm_operator":"",
    "happenlocaltime":"2014-04-12 23:19:20 ",
    "confirmlocaltime":"1970-01-01 08:00:00 "
  },
  {
    "id":31,
    "aid":4,
    "did":1,
    "pid":2,
    "happen_time":1397290301,
    "notes":"null",
    "is_confirmed":false,
    "confirm_notes":"null",
    "confirm_time":0,
    "confirm_operator":"",
    "happenlocaltime":"2014-04-12 16:11:41 ",
    "confirmlocaltime":"1970-01-01 08:00:00 "
  },
  {
    "id":30,
    "aid":4,
    "did":1,
    "pid":1,
    "happen_time":1397290297,
    "notes":"null",
    "is_confirmed":false,
    "confirm_notes":"null",
    "confirm_time":0,
    "confirm_operator":"",
    "happenlocaltime":"2014-04-12 16:11:37 ",
    "confirmlocaltime":"1970-01-01 08:00:00 "
  },
  {
    "id":29,
    "aid":4,
    "did":1,
    "pid":2,
    "happen_time":1397290288,
    "notes":"null",
    "is_confirmed":false,
    "confirm_notes":"null",
    "confirm_time":0,
    "confirm_operator":"",
    "happenlocaltime":"2014-04-12 16:11:28 ",
    "confirmlocaltime":"1970-01-01 08:00:00 "
  },
  {
    "id":28,
    "aid":4,
    "did":1,
    "pid":1,
    "happen_time":1397290285,
    "notes":"null",
    "is_confirmed":false,
    "confirm_notes":"null",
    "confirm_time":0,
    "confirm_operator":"",
    "happenlocaltime":"2014-04-12 16:11:25 ",
    "confirmlocaltime":"1970-01-01 08:00:00 "
  },
  {
    "id":27,
    "aid":4,
    "did":1,
    "pid":2,
    "happen_time":1397290276,
    "notes":"null",
    "is_confirmed":false,
    "confirm_notes":"null",
    "confirm_time":0,
    "confirm_operator":"",
    "happenlocaltime":"2014-04-12 16:11:16 ",
    "confirmlocaltime":"1970-01-01 08:00:00 "
  },
  {
    "id":26,
    "aid":4,
    "did":1,
    "pid":1,
    "happen_time":1397290273,
    "notes":"null",
    "is_confirmed":false,
    "confirm_notes":"null",
    "confirm_time":0,
    "confirm_operator":"",
    "happenlocaltime":"2014-04-12 16:11:13 ",
    "confirmlocaltime":"1970-01-01 08:00:00 "
  },
  {
    "id":25,
    "aid":4,
    "did":1,
    "pid":2,
    "happen_time":1397290264,
    "notes":"null",
    "is_confirmed":false,
    "confirm_notes":"null",
    "confirm_time":0,
    "confirm_operator":"",
    "happenlocaltime":"2014-04-12 16:11:04 ",
    "confirmlocaltime":"1970-01-01 08:00:00 "
  },
  {
    "id":24,
    "aid":4,
    "did":1,
    "pid":1,
    "happen_time":1397290261,
    "notes":"null",
    "is_confirmed":false,
    "confirm_notes":"null",
    "confirm_time":0,
    "confirm_operator":"",
    "happenlocaltime":"2014-04-12 16:11:01 ",
    "confirmlocaltime":"1970-01-01 08:00:00 "
  },
  {
    "id":23,
    "aid":4,
    "did":1,
    "pid":2,
    "happen_time":1397290252,
    "notes":"null",
    "is_confirmed":false,
    "confirm_notes":"null",
    "confirm_time":0,
    "confirm_operator":"",
    "happenlocaltime":"2014-04-12 16:10:52 ",
    "confirmlocaltime":"1970-01-01 08:00:00 "
  },
  {
    "id":22,
    "aid":4,
    "did":1,
    "pid":1,
    "happen_time":1397290249,
    "notes":"null",
    "is_confirmed":false,
    "confirm_notes":"null",
    "confirm_time":0,
    "confirm_operator":"",
    "happenlocaltime":"2014-04-12 16:10:49 ",
    "confirmlocaltime":"1970-01-01 08:00:00 "
  },
  {
    "id":21,
    "aid":4,
    "did":1,
    "pid":2,
    "happen_time":1397290240,
    "notes":"null",
    "is_confirmed":false,
    "confirm_notes":"null",
    "confirm_time":0,
    "confirm_operator":"",
    "happenlocaltime":"2014-04-12 16:10:40 ",
    "confirmlocaltime":"1970-01-01 08:00:00 "
  },
  {
    "id":20,
    "aid":4,
    "did":1,
    "pid":1,
    "happen_time":1397290237,
    "notes":"null",
    "is_confirmed":false,
    "confirm_notes":"null",
    "confirm_time":0,
    "confirm_operator":"",
    "happenlocaltime":"2014-04-12 16:10:37 ",
    "confirmlocaltime":"1970-01-01 08:00:00 "
  },
  {
    "id":19,
    "aid":4,
    "did":1,
    "pid":2,
    "happen_time":1397290228,
    "notes":"null",
    "is_confirmed":false,
    "confirm_notes":"null",
    "confirm_time":0,
    "confirm_operator":"",
    "happenlocaltime":"2014-04-12 16:10:28 ",
    "confirmlocaltime":"1970-01-01 08:00:00 "
  },
  {
    "id":18,
    "aid":4,
    "did":1,
    "pid":1,
    "happen_time":1397290225,
    "notes":"null",
    "is_confirmed":false,
    "confirm_notes":"null",
    "confirm_time":0,
    "confirm_operator":"",
    "happenlocaltime":"2014-04-12 16:10:25 ",
    "confirmlocaltime":"1970-01-01 08:00:00 "
  },
  {
    "id":17,
    "aid":4,
    "did":1,
    "pid":2,
    "happen_time":1397290216,
    "notes":"null",
    "is_confirmed":false,
    "confirm_notes":"null",
    "confirm_time":0,
    "confirm_operator":"",
    "happenlocaltime":"2014-04-12 16:10:16 ",
    "confirmlocaltime":"1970-01-01 08:00:00 "
  },
  {
    "id":16,
    "aid":4,
    "did":1,
    "pid":1,
    "happen_time":1397290213,
    "notes":"null",
    "is_confirmed":false,
    "confirm_notes":"null",
    "confirm_time":0,
    "confirm_operator":"",
    "happenlocaltime":"2014-04-12 16:10:13 ",
    "confirmlocaltime":"1970-01-01 08:00:00 "
  },
  {
    "id":15,
    "aid":4,
    "did":1,
    "pid":2,
    "happen_time":1397290203,
    "notes":"null",
    "is_confirmed":false,
    "confirm_notes":"null",
    "confirm_time":0,
    "confirm_operator":"",
    "happenlocaltime":"2014-04-12 16:10:03 ",
    "confirmlocaltime":"1970-01-01 08:00:00 "
  },
  {
    "id":14,
    "aid":4,
    "did":1,
    "pid":1,
    "happen_time":1397290200,
    "notes":"null",
    "is_confirmed":false,
    "confirm_notes":"null",
    "confirm_time":0,
    "confirm_operator":"",
    "happenlocaltime":"2014-04-12 16:10:00 ",
    "confirmlocaltime":"1970-01-01 08:00:00 "
  },
  {
    "id":13,
    "aid":4,
    "did":1,
    "pid":1,
    "happen_time":1397290176,
    "notes":"null",
    "is_confirmed":false,
    "confirm_notes":"null",
    "confirm_time":0,
    "confirm_operator":"",
    "happenlocaltime":"2014-04-12 16:09:36 ",
    "confirmlocaltime":"1970-01-01 08:00:00 "
  },
  {
    "id":12,
    "aid":4,
    "did":1,
    "pid":2,
    "happen_time":1397290170,
    "notes":"null",
    "is_confirmed":false,
    "confirm_notes":"null",
    "confirm_time":0,
    "confirm_operator":"",
    "happenlocaltime":"2014-04-12 16:09:30 ",
    "confirmlocaltime":"1970-01-01 08:00:00 "
  },
  {
    "id":11,
    "aid":4,
    "did":1,
    "pid":1,
    "happen_time":1397290167,
    "notes":"null",
    "is_confirmed":false,
    "confirm_notes":"null",
    "confirm_time":0,
    "confirm_operator":"",
    "happenlocaltime":"2014-04-12 16:09:27 ",
    "confirmlocaltime":"1970-01-01 08:00:00 "
  },
  {
    "id":10,
    "aid":4,
    "did":1,
    "pid":2,
    "happen_time":1397275971,
    "notes":"null",
    "is_confirmed":true,
    "confirm_notes":"",
    "confirm_time":1397275973,
    "confirm_operator":"admin",
    "happenlocaltime":"2014-04-12 12:12:51 ",
    "confirmlocaltime":"2014-04-12 12:12:53 "
  },
  {
    "id":9,
    "aid":4,
    "did":1,
    "pid":1,
    "happen_time":1397275968,
    "notes":"null",
    "is_confirmed":true,
    "confirm_notes":"",
    "confirm_time":1397275974,
    "confirm_operator":"admin",
    "happenlocaltime":"2014-04-12 12:12:48 ",
    "confirmlocaltime":"2014-04-12 12:12:54 "
  },
  {
    "id":8,
    "aid":4,
    "did":1,
    "pid":2,
    "happen_time":1397275959,
    "notes":"null",
    "is_confirmed":true,
    "confirm_notes":"",
    "confirm_time":1397275974,
    "confirm_operator":"admin",
    "happenlocaltime":"2014-04-12 12:12:39 ",
    "confirmlocaltime":"2014-04-12 12:12:54 "
  },
  {
    "id":7,
    "aid":4,
    "did":1,
    "pid":1,
    "happen_time":1397275956,
    "notes":"null",
    "is_confirmed":false,
    "confirm_notes":"null",
    "confirm_time":0,
    "confirm_operator":"",
    "happenlocaltime":"2014-04-12 12:12:36 ",
    "confirmlocaltime":"1970-01-01 08:00:00 "
  },
  {
    "id":6,
    "aid":4,
    "did":1,
    "pid":2,
    "happen_time":1397275947,
    "notes":"null",
    "is_confirmed":false,
    "confirm_notes":"null",
    "confirm_time":0,
    "confirm_operator":"",
    "happenlocaltime":"2014-04-12 12:12:27 ",
    "confirmlocaltime":"1970-01-01 08:00:00 "
  },
  {
    "id":5,
    "aid":4,
    "did":1,
    "pid":1,
    "happen_time":1397275944,
    "notes":"null",
    "is_confirmed":false,
    "confirm_notes":"null",
    "confirm_time":0,
    "confirm_operator":"",
    "happenlocaltime":"2014-04-12 12:12:24 ",
    "confirmlocaltime":"1970-01-01 08:00:00 "
  },
  {
    "id":4,
    "aid":4,
    "did":1,
    "pid":2,
    "happen_time":1397275935,
    "notes":"null",
    "is_confirmed":false,
    "confirm_notes":"null",
    "confirm_time":0,
    "confirm_operator":"",
    "happenlocaltime":"2014-04-12 12:12:15 ",
    "confirmlocaltime":"1970-01-01 08:00:00 "
  },
  {
    "id":3,
    "aid":4,
    "did":1,
    "pid":1,
    "happen_time":1397275932,
    "notes":"null",
    "is_confirmed":false,
    "confirm_notes":"null",
    "confirm_time":0,
    "confirm_operator":"",
    "happenlocaltime":"2014-04-12 12:12:12 ",
    "confirmlocaltime":"1970-01-01 08:00:00 "
  },
  {
    "id":2,
    "aid":4,
    "did":1,
    "pid":2,
    "happen_time":1397275923,
    "notes":"null",
    "is_confirmed":false,
    "confirm_notes":"null",
    "confirm_time":0,
    "confirm_operator":"",
    "happenlocaltime":"2014-04-12 12:12:03 ",
    "confirmlocaltime":"1970-01-01 08:00:00 "
  },
  {
    "id":1,
    "aid":4,
    "did":1,
    "pid":1,
    "happen_time":1397275920,
    "notes":"null",
    "is_confirmed":false,
    "confirm_notes":"null",
    "confirm_time":0,
    "confirm_operator":"",
    "happenlocaltime":"2014-04-12 12:12:00 ",
    "confirmlocaltime":"1970-01-01 08:00:00 "
  }
]